Using pre-set license
Built from '6000.0/staging' branch; Version is '6000.0.50f1 (f1ef1dca8bff) revision 15855389'; Using compiler version '193933523'; Build Type 'Release'
OS: 'Windows 11  (10.0.26100) 64bit Professional' Language: 'ru' Physical Memory: 16008 MB
BatchMode: 1, IsHumanControllingUs: 0, StartBugReporterOnCrash: 0, Is64bit: 1
Date: 2025-06-20T16:56:27Z

COMMAND LINE ARGUMENTS:
C:\Program Files\Unity\Hub\Editor\6000.0.50f1\Editor\Unity.exe
-adb2
-batchMode
-noUpm
-name
AssetImportWorker4
-projectPath
D:/Projects/TreasureRunnersGame/TreasureRunnersGame
-logFile
Logs/AssetImportWorker4.log
-srvPort
58397
-job-worker-count
9
-background-job-worker-count
8
-gc-helper-count
1
Successfully changed project path to: D:/Projects/TreasureRunnersGame/TreasureRunnersGame
D:/Projects/TreasureRunnersGame/TreasureRunnersGame
[UnityMemory] Configuration Parameters - Can be set up in boot.config
    "memorysetup-bucket-allocator-granularity=16"
    "memorysetup-bucket-allocator-bucket-count=8"
    "memorysetup-bucket-allocator-block-size=33554432"
    "memorysetup-bucket-allocator-block-count=8"
    "memorysetup-main-allocator-block-size=16777216"
    "memorysetup-thread-allocator-block-size=16777216"
    "memorysetup-gfx-main-allocator-block-size=16777216"
    "memorysetup-gfx-thread-allocator-block-size=16777216"
    "memorysetup-cache-allocator-block-size=4194304"
    "memorysetup-typetree-allocator-block-size=2097152"
    "memorysetup-profiler-bucket-allocator-granularity=16"
    "memorysetup-profiler-bucket-allocator-bucket-count=8"
    "memorysetup-profiler-bucket-allocator-block-size=33554432"
    "memorysetup-profiler-bucket-allocator-block-count=8"
    "memorysetup-profiler-allocator-block-size=16777216"
    "memorysetup-profiler-editor-allocator-block-size=1048576"
    "memorysetup-temp-allocator-size-main=16777216"
    "memorysetup-job-temp-allocator-block-size=2097152"
    "memorysetup-job-temp-allocator-block-size-background=1048576"
    "memorysetup-job-temp-allocator-reduction-small-platforms=262144"
    "memorysetup-allocator-temp-initial-block-size-main=262144"
    "memorysetup-allocator-temp-initial-block-size-worker=262144"
    "memorysetup-temp-allocator-size-background-worker=32768"
    "memorysetup-temp-allocator-size-job-worker=262144"
    "memorysetup-temp-allocator-size-preload-manager=33554432"
    "memorysetup-temp-allocator-size-nav-mesh-worker=65536"
    "memorysetup-temp-allocator-size-audio-worker=65536"
    "memorysetup-temp-allocator-size-cloud-worker=32768"
    "memorysetup-temp-allocator-size-gi-baking-worker=262144"
    "memorysetup-temp-allocator-size-gi-baking-worker=262144"
    "memorysetup-temp-allocator-size-gi-baking-worker=262144"
    "memorysetup-temp-allocator-size-gi-baking-worker=262144"
    "memorysetup-temp-allocator-size-gi-baking-worker=262144"
    "memorysetup-temp-allocator-size-gfx=262144"
Player connection [94340]  Target information:

Player connection [94340]  * "[IP] 192.168.0.105 [Port] 0 [Flags] 2 [Guid] 2019588106 [EditorId] 2019588106 [Version] 1048832 [Id] WindowsEditor(7,DESKTOP-OTVJUO6) [Debug] 1 [PackageName] WindowsEditor [ProjectName] Editor" 

Player connection [94340] Host joined multi-casting on [225.0.0.222:54997]...
Player connection [94340] Host joined alternative multi-casting on [225.0.0.222:34997]...
JobSystem: Creating JobQueue using job-worker-count value 9
Input System module state changed to: Initialized.
[Physics::Module] Initialized fallback backend.
[Physics::Module] Id: 0xdecafbad
Library Redirect Path: Library/
[Physics::Module] Selected backend.
[Physics::Module] Name: PhysX
[Physics::Module] Id: 0xf2b8ea05
[Physics::Module] SDK Version: 4.1.2
[Physics::Module] Integration Version: 1.0.0
[Physics::Module] Threading Mode: Multi-Threaded
Refreshing native plugins compatible for Editor in 2.51 ms, found 4 plugins.
Preloading 0 native plugins for Editor in 0.00 ms.
Initialize engine version: 6000.0.50f1 (f1ef1dca8bff)
[Subsystems] Discovering subsystems at path C:/Program Files/Unity/Hub/Editor/6000.0.50f1/Editor/Data/Resources/UnitySubsystems
[Subsystems] Discovering subsystems at path D:/Projects/TreasureRunnersGame/TreasureRunnersGame/Assets
GfxDevice: creating device client; kGfxThreadingModeNonThreaded
Direct3D:
    Version:  Direct3D 11.0 [level 11.1]
    Renderer: Intel(R) UHD Graphics (ID=0xa720)
    Vendor:   Intel
    VRAM:     8004 MB
    Driver:   32.0.101.5768
Initialize mono
Mono path[0] = 'C:/Program Files/Unity/Hub/Editor/6000.0.50f1/Editor/Data/Managed'
Mono path[1] = 'C:/Program Files/Unity/Hub/Editor/6000.0.50f1/Editor/Data/MonoBleedingEdge/lib/mono/unityjit-win32'
Mono config path = 'C:/Program Files/Unity/Hub/Editor/6000.0.50f1/Editor/Data/MonoBleedingEdge/etc'
Using monoOptions --debugger-agent=transport=dt_socket,embedding=1,server=y,suspend=n,address=127.0.0.1:56936
Begin MonoManager ReloadAssembly
Registering precompiled unity dll's ...
Register platform support module: C:/Program Files/Unity/Hub/Editor/6000.0.50f1/Editor/Data/PlaybackEngines/WebGLSupport/UnityEditor.WebGL.Extensions.dll
Register platform support module: C:/Program Files/Unity/Hub/Editor/6000.0.50f1/Editor/Data/PlaybackEngines/WindowsStandaloneSupport/UnityEditor.WindowsStandalone.Extensions.dll
Registered in 0.003007 seconds.
- Loaded All Assemblies, in  0.390 seconds
Native extension for WindowsStandalone target not found
Native extension for WebGL target not found
Mono: successfully reloaded assembly
- Finished resetting the current domain, in  0.335 seconds
Domain Reload Profiling: 724ms
	BeginReloadAssembly (131ms)
		ExecutionOrderSort (0ms)
		DisableScriptedObjects (0ms)
		BackupInstance (0ms)
		ReleaseScriptingObjects (0ms)
		CreateAndSetChildDomain (1ms)
	RebuildCommonClasses (35ms)
	RebuildNativeTypeToScriptingClass (11ms)
	initialDomainReloadingComplete (47ms)
	LoadAllAssembliesAndSetupDomain (164ms)
		LoadAssemblies (129ms)
		RebuildTransferFunctionScriptingTraits (0ms)
		AnalyzeDomain (161ms)
			TypeCache.Refresh (159ms)
				TypeCache.ScanAssembly (146ms)
			BuildScriptInfoCaches (0ms)
			ResolveRequiredComponents (0ms)
	FinalizeReload (336ms)
		ReleaseScriptCaches (0ms)
		RebuildScriptCaches (0ms)
		SetupLoadedEditorAssemblies (289ms)
			LogAssemblyErrors (0ms)
			InitializePlatformSupportModulesInManaged (25ms)
			SetLoadedEditorAssemblies (5ms)
			BeforeProcessingInitializeOnLoad (57ms)
			ProcessInitializeOnLoadAttributes (145ms)
			ProcessInitializeOnLoadMethodAttributes (56ms)
			AfterProcessingInitializeOnLoad (0ms)
			EditorAssembliesLoaded (0ms)
		ExecutionOrderSort2 (0ms)
		AwakeInstancesAfterBackupRestoration (0ms)
========================================================================
Worker process is ready to serve import requests
Import Worker Mode flag is 0x00
Begin MonoManager ReloadAssembly
- Loaded All Assemblies, in  0.803 seconds
Refreshing native plugins compatible for Editor in 1.14 ms, found 4 plugins.
Native extension for WindowsStandalone target not found
Native extension for WebGL target not found
Mono: successfully reloaded assembly
- Finished resetting the current domain, in  0.787 seconds
Domain Reload Profiling: 1588ms
	BeginReloadAssembly (176ms)
		ExecutionOrderSort (0ms)
		DisableScriptedObjects (7ms)
		BackupInstance (0ms)
		ReleaseScriptingObjects (0ms)
		CreateAndSetChildDomain (27ms)
	RebuildCommonClasses (35ms)
	RebuildNativeTypeToScriptingClass (11ms)
	initialDomainReloadingComplete (38ms)
	LoadAllAssembliesAndSetupDomain (540ms)
		LoadAssemblies (363ms)
		RebuildTransferFunctionScriptingTraits (0ms)
		AnalyzeDomain (275ms)
			TypeCache.Refresh (197ms)
				TypeCache.ScanAssembly (179ms)
			BuildScriptInfoCaches (64ms)
			ResolveRequiredComponents (11ms)
	FinalizeReload (788ms)
		ReleaseScriptCaches (0ms)
		RebuildScriptCaches (0ms)
		SetupLoadedEditorAssemblies (656ms)
			LogAssemblyErrors (0ms)
			InitializePlatformSupportModulesInManaged (3ms)
			SetLoadedEditorAssemblies (3ms)
			BeforeProcessingInitializeOnLoad (119ms)
			ProcessInitializeOnLoadAttributes (403ms)
			ProcessInitializeOnLoadMethodAttributes (120ms)
			AfterProcessingInitializeOnLoad (7ms)
			EditorAssembliesLoaded (0ms)
		ExecutionOrderSort2 (0ms)
		AwakeInstancesAfterBackupRestoration (10ms)
Launched and connected shader compiler UnityShaderCompiler.exe after 0.03 seconds
Refreshing native plugins compatible for Editor in 1.99 ms, found 4 plugins.
Preloading 0 native plugins for Editor in 0.00 ms.
Unloading 229 Unused Serialized files (Serialized files now loaded: 0)
Unloading 6633 unused Assets / (6.3 MB). Loaded Objects now: 7311.
Memory consumption went from 180.6 MB to 174.3 MB.
Total: 13.339400 ms (FindLiveObjects: 0.770000 ms CreateObjectMapping: 0.549700 ms MarkObjects: 7.989900 ms  DeleteObjects: 4.028100 ms)

========================================================================
Received Import Request.
  Time since last request: 622529.552336 seconds.
  path: Assets/Cainos/Pixel Art Icon Pack - RPG/Texture/Equipment/Iron Boot.png
  artifactKey: Guid(5170e0068a8cf184fb119834fa7ba0f3) Importer(815301076,1909f56bfc062723c751e8b465ee728b)
Start importing Assets/Cainos/Pixel Art Icon Pack - RPG/Texture/Equipment/Iron Boot.png using Guid(5170e0068a8cf184fb119834fa7ba0f3) Importer(815301076,1909f56bfc062723c751e8b465ee728b) (PreviewImporter) -> (artifact id: '10f2a1050ea450d2abdc5d8bdcb25fa1') in 0.1376002 seconds
Number of updated asset objects reloaded before import = 0Number of asset objects unloaded after import = 3

========================================================================
Received Import Request.
  Time since last request: 49.184822 seconds.
  path: Assets/Scenes/SplitLevel1.unity
  artifactKey: Guid(bc52e17d5f1d749459b74ee72b42e629) Importer(815301076,1909f56bfc062723c751e8b465ee728b)
Start importing Assets/Scenes/SplitLevel1.unity using Guid(bc52e17d5f1d749459b74ee72b42e629) Importer(815301076,1909f56bfc062723c751e8b465ee728b) (PreviewImporter) -> (artifact id: 'eab1e9f59b7b0c537eee48b853f758fe') in 0.0026353 seconds
Number of updated asset objects reloaded before import = 0Number of asset objects unloaded after import = 0

========================================================================
Received Import Request.
  Time since last request: 49.538390 seconds.
  path: Assets/Cainos/Pixel Art Icon Pack - RPG/Texture/Misc
  artifactKey: Guid(e12afdf2f92b6e44aa3c4bae022e4a61) Importer(815301076,1909f56bfc062723c751e8b465ee728b)
Start importing Assets/Cainos/Pixel Art Icon Pack - RPG/Texture/Misc using Guid(e12afdf2f92b6e44aa3c4bae022e4a61) Importer(815301076,1909f56bfc062723c751e8b465ee728b) (PreviewImporter) -> (artifact id: 'c4cd1fd7936f95ac562104497620ca9e') in 0.0045435 seconds
Number of updated asset objects reloaded before import = 0Number of asset objects unloaded after import = 0

========================================================================
Received Import Request.
  Time since last request: 0.018114 seconds.
  path: Assets/Cainos/Pixel Art Icon Pack - RPG/Texture/Misc/Book.png
  artifactKey: Guid(7972dd97521bb1c44ba8e3774391b996) Importer(815301076,1909f56bfc062723c751e8b465ee728b)
Start importing Assets/Cainos/Pixel Art Icon Pack - RPG/Texture/Misc/Book.png using Guid(7972dd97521bb1c44ba8e3774391b996) Importer(815301076,1909f56bfc062723c751e8b465ee728b) (PreviewImporter) -> (artifact id: '323850634ab8a31200f4aa3ca45cc052') in 0.0142548 seconds
Number of updated asset objects reloaded before import = 0Number of asset objects unloaded after import = 3

========================================================================
Received Import Request.
  Time since last request: 0.348032 seconds.
  path: Assets/Cainos/Pixel Art Icon Pack - RPG/Texture/Misc/Chest.png
  artifactKey: Guid(c8303e833b0ef184e99c1bc8940fff84) Importer(815301076,1909f56bfc062723c751e8b465ee728b)
Start importing Assets/Cainos/Pixel Art Icon Pack - RPG/Texture/Misc/Chest.png using Guid(c8303e833b0ef184e99c1bc8940fff84) Importer(815301076,1909f56bfc062723c751e8b465ee728b) (PreviewImporter) -> (artifact id: 'f76ce7a4a1a80e910c08f428e1aa3f47') in 0.0220741 seconds
Number of updated asset objects reloaded before import = 0Number of asset objects unloaded after import = 3

========================================================================
Received Import Request.
  Time since last request: 0.141375 seconds.
  path: Assets/Cainos/Pixel Art Icon Pack - RPG/Texture/Misc/Golden Coin.png
  artifactKey: Guid(394899dbf2938874ca7d1025f7598406) Importer(815301076,1909f56bfc062723c751e8b465ee728b)
Start importing Assets/Cainos/Pixel Art Icon Pack - RPG/Texture/Misc/Golden Coin.png using Guid(394899dbf2938874ca7d1025f7598406) Importer(815301076,1909f56bfc062723c751e8b465ee728b) (PreviewImporter) -> (artifact id: 'cc2c635f3a49a03d377b16f8c08a04d8') in 0.03793 seconds
Number of updated asset objects reloaded before import = 0Number of asset objects unloaded after import = 3

========================================================================
Received Import Request.
  Time since last request: 0.000051 seconds.
  path: Assets/Cainos/Pixel Art Icon Pack - RPG/Texture/Misc/Map.png
  artifactKey: Guid(34102981c7e63b646b05313914b723a6) Importer(815301076,1909f56bfc062723c751e8b465ee728b)
Start importing Assets/Cainos/Pixel Art Icon Pack - RPG/Texture/Misc/Map.png using Guid(34102981c7e63b646b05313914b723a6) Importer(815301076,1909f56bfc062723c751e8b465ee728b) (PreviewImporter) -> (artifact id: '4c84a4d98799384d00a5f3ec15dbc2f9') in 0.0416319 seconds
Number of updated asset objects reloaded before import = 0Number of asset objects unloaded after import = 3

========================================================================
Received Import Request.
  Time since last request: 0.000045 seconds.
  path: Assets/Cainos/Pixel Art Icon Pack - RPG/Texture/Misc/Silver Key.png
  artifactKey: Guid(17c2d0550f9d2f9418f458279eb57c65) Importer(815301076,1909f56bfc062723c751e8b465ee728b)
Start importing Assets/Cainos/Pixel Art Icon Pack - RPG/Texture/Misc/Silver Key.png using Guid(17c2d0550f9d2f9418f458279eb57c65) Importer(815301076,1909f56bfc062723c751e8b465ee728b) (PreviewImporter) -> (artifact id: 'b126fb01fa83d5bfab20ed58a114a5af') in 0.022652 seconds
Number of updated asset objects reloaded before import = 0Number of asset objects unloaded after import = 3

========================================================================
Received Import Request.
  Time since last request: 0.000080 seconds.
  path: Assets/Cainos/Pixel Art Icon Pack - RPG/Texture/Misc/Silver Coin.png
  artifactKey: Guid(83f2beb3e2ba2e347b4b0d5d63d0373b) Importer(815301076,1909f56bfc062723c751e8b465ee728b)
Start importing Assets/Cainos/Pixel Art Icon Pack - RPG/Texture/Misc/Silver Coin.png using Guid(83f2beb3e2ba2e347b4b0d5d63d0373b) Importer(815301076,1909f56bfc062723c751e8b465ee728b) (PreviewImporter) -> (artifact id: 'df065312a97de6e630a33dbe1515ac34') in 0.0319561 seconds
Number of updated asset objects reloaded before import = 0Number of asset objects unloaded after import = 3

========================================================================
Received Import Request.
  Time since last request: 0.000131 seconds.
  path: Assets/Cainos/Pixel Art Icon Pack - RPG/Texture/Misc/Iron Key.png
  artifactKey: Guid(e30e7f1121c83ed469e6242c11d18e05) Importer(815301076,1909f56bfc062723c751e8b465ee728b)
Start importing Assets/Cainos/Pixel Art Icon Pack - RPG/Texture/Misc/Iron Key.png using Guid(e30e7f1121c83ed469e6242c11d18e05) Importer(815301076,1909f56bfc062723c751e8b465ee728b) (PreviewImporter) -> (artifact id: '647153a27d059771341b9589254f8992') in 0.019069 seconds
Number of updated asset objects reloaded before import = 0Number of asset objects unloaded after import = 3

========================================================================
Received Import Request.
  Time since last request: 8.898519 seconds.
  path: Assets/Cainos/Pixel Art Icon Pack - RPG/Texture/Potion
  artifactKey: Guid(f0d3f31025247424590e3740f1985791) Importer(815301076,1909f56bfc062723c751e8b465ee728b)
Start importing Assets/Cainos/Pixel Art Icon Pack - RPG/Texture/Potion using Guid(f0d3f31025247424590e3740f1985791) Importer(815301076,1909f56bfc062723c751e8b465ee728b) (PreviewImporter) -> (artifact id: 'd31822a3106ee07301f391237146c363') in 0.0012686 seconds
Number of updated asset objects reloaded before import = 0Number of asset objects unloaded after import = 0

========================================================================
Received Import Request.
  Time since last request: 0.044038 seconds.
  path: Assets/Cainos/Pixel Art Icon Pack - RPG/Texture/Potion/Blue Potion.png
  artifactKey: Guid(b7f77607c82ea4142a2070c0e37e1756) Importer(815301076,1909f56bfc062723c751e8b465ee728b)
Start importing Assets/Cainos/Pixel Art Icon Pack - RPG/Texture/Potion/Blue Potion.png using Guid(b7f77607c82ea4142a2070c0e37e1756) Importer(815301076,1909f56bfc062723c751e8b465ee728b) (PreviewImporter) -> (artifact id: '7f47ab73ce6be04dc07b3c088d97aced') in 0.0351927 seconds
Number of updated asset objects reloaded before import = 0Number of asset objects unloaded after import = 3

========================================================================
Received Import Request.
  Time since last request: 0.000063 seconds.
  path: Assets/Cainos/Pixel Art Icon Pack - RPG/Texture/Potion/Red Potion.png
  artifactKey: Guid(117b17facff65dc42b1b57deb7c21551) Importer(815301076,1909f56bfc062723c751e8b465ee728b)
Start importing Assets/Cainos/Pixel Art Icon Pack - RPG/Texture/Potion/Red Potion.png using Guid(117b17facff65dc42b1b57deb7c21551) Importer(815301076,1909f56bfc062723c751e8b465ee728b) (PreviewImporter) -> (artifact id: '8b6a05a33237d9922060cbd5869c8087') in 0.0225804 seconds
Number of updated asset objects reloaded before import = 0Number of asset objects unloaded after import = 3

========================================================================
Received Import Request.
  Time since last request: 0.000110 seconds.
  path: Assets/Cainos/Pixel Art Icon Pack - RPG/Texture/Potion/Green Potion 3.png
  artifactKey: Guid(f65023889763c7644b5579f0b019da6b) Importer(815301076,1909f56bfc062723c751e8b465ee728b)
Start importing Assets/Cainos/Pixel Art Icon Pack - RPG/Texture/Potion/Green Potion 3.png using Guid(f65023889763c7644b5579f0b019da6b) Importer(815301076,1909f56bfc062723c751e8b465ee728b) (PreviewImporter) -> (artifact id: '2a64580efd371ed53e452817f2860f11') in 0.0231819 seconds
Number of updated asset objects reloaded before import = 0Number of asset objects unloaded after import = 3

========================================================================
Received Import Request.
  Time since last request: 2.748006 seconds.
  path: Assets/Cainos/Pixel Art Icon Pack - RPG/Texture/Weapon & Tool
  artifactKey: Guid(975c9af9482263342b85bf0366a3f533) Importer(815301076,1909f56bfc062723c751e8b465ee728b)
Start importing Assets/Cainos/Pixel Art Icon Pack - RPG/Texture/Weapon & Tool using Guid(975c9af9482263342b85bf0366a3f533) Importer(815301076,1909f56bfc062723c751e8b465ee728b) (PreviewImporter) -> (artifact id: '610f5832793c4356f650a846f92d443d') in 0.0013152 seconds
Number of updated asset objects reloaded before import = 0Number of asset objects unloaded after import = 0

========================================================================
Received Import Request.
  Time since last request: 0.029953 seconds.
  path: Assets/Cainos/Pixel Art Icon Pack - RPG/Texture/Weapon & Tool/Arrow.png
  artifactKey: Guid(59c8cd2a91ad7f846b9efd79b945c356) Importer(815301076,1909f56bfc062723c751e8b465ee728b)
Start importing Assets/Cainos/Pixel Art Icon Pack - RPG/Texture/Weapon & Tool/Arrow.png using Guid(59c8cd2a91ad7f846b9efd79b945c356) Importer(815301076,1909f56bfc062723c751e8b465ee728b) (PreviewImporter) -> (artifact id: '658a933ef46b605a5de53cc972035065') in 0.0332157 seconds
Number of updated asset objects reloaded before import = 0Number of asset objects unloaded after import = 3

========================================================================
Received Import Request.
  Time since last request: 0.000071 seconds.
  path: Assets/Cainos/Pixel Art Icon Pack - RPG/Texture/Weapon & Tool/Ruby Staff.png
  artifactKey: Guid(a30e9a59a4ffb884489afda27a4945c3) Importer(815301076,1909f56bfc062723c751e8b465ee728b)
Start importing Assets/Cainos/Pixel Art Icon Pack - RPG/Texture/Weapon & Tool/Ruby Staff.png using Guid(a30e9a59a4ffb884489afda27a4945c3) Importer(815301076,1909f56bfc062723c751e8b465ee728b) (PreviewImporter) -> (artifact id: '37b9af4dc8ebbe43c40eed745e1f6b4c') in 0.0240897 seconds
Number of updated asset objects reloaded before import = 0Number of asset objects unloaded after import = 3

========================================================================
Received Import Request.
  Time since last request: 0.000106 seconds.
  path: Assets/Cainos/Pixel Art Icon Pack - RPG/Texture/Weapon & Tool/Hammer.png
  artifactKey: Guid(7b8e0222a006d824e930445c7d435ac3) Importer(815301076,1909f56bfc062723c751e8b465ee728b)
Start importing Assets/Cainos/Pixel Art Icon Pack - RPG/Texture/Weapon & Tool/Hammer.png using Guid(7b8e0222a006d824e930445c7d435ac3) Importer(815301076,1909f56bfc062723c751e8b465ee728b) (PreviewImporter) -> (artifact id: '6afa76719a069a4442878382bfec7ac4') in 0.0245999 seconds
Number of updated asset objects reloaded before import = 0Number of asset objects unloaded after import = 3

========================================================================
Received Import Request.
  Time since last request: 12.077225 seconds.
  path: Assets/Cainos/Pixel Art Icon Pack - RPG/Texture/Material
  artifactKey: Guid(6c4edeb579979a340ace18a1fab1b4a4) Importer(815301076,1909f56bfc062723c751e8b465ee728b)
Start importing Assets/Cainos/Pixel Art Icon Pack - RPG/Texture/Material using Guid(6c4edeb579979a340ace18a1fab1b4a4) Importer(815301076,1909f56bfc062723c751e8b465ee728b) (PreviewImporter) -> (artifact id: '7c0df69b4a67f79eba1846a352738ed9') in 0.0015084 seconds
Number of updated asset objects reloaded before import = 0Number of asset objects unloaded after import = 0

========================================================================
Received Import Request.
  Time since last request: 0.016326 seconds.
  path: Assets/Cainos/Pixel Art Icon Pack - RPG/Texture/Material/Fabric.png
  artifactKey: Guid(e577f30c6bd976a429addedf4c4ad662) Importer(815301076,1909f56bfc062723c751e8b465ee728b)
Start importing Assets/Cainos/Pixel Art Icon Pack - RPG/Texture/Material/Fabric.png using Guid(e577f30c6bd976a429addedf4c4ad662) Importer(815301076,1909f56bfc062723c751e8b465ee728b) (PreviewImporter) -> (artifact id: 'e57b008094a32425e155fccbc4764b11') in 0.0315167 seconds
Number of updated asset objects reloaded before import = 0Number of asset objects unloaded after import = 3

========================================================================
Received Import Request.
  Time since last request: 4.543372 seconds.
  path: Assets/Cainos/Pixel Art Icon Pack - RPG/Texture/Food
  artifactKey: Guid(3fe54edd3debca64ebe1ec161236a4af) Importer(815301076,1909f56bfc062723c751e8b465ee728b)
Start importing Assets/Cainos/Pixel Art Icon Pack - RPG/Texture/Food using Guid(3fe54edd3debca64ebe1ec161236a4af) Importer(815301076,1909f56bfc062723c751e8b465ee728b) (PreviewImporter) -> (artifact id: 'ea5f395940c57f24e8c7c09c511632c7') in 0.0021349 seconds
Number of updated asset objects reloaded before import = 0Number of asset objects unloaded after import = 0

========================================================================
Received Import Request.
  Time since last request: 1.135158 seconds.
  path: Assets/Cainos/Pixel Art Icon Pack - RPG/Texture/Food/Wine.png
  artifactKey: Guid(ea55e0ae186d59d41a0b270559045dd7) Importer(815301076,1909f56bfc062723c751e8b465ee728b)
Start importing Assets/Cainos/Pixel Art Icon Pack - RPG/Texture/Food/Wine.png using Guid(ea55e0ae186d59d41a0b270559045dd7) Importer(815301076,1909f56bfc062723c751e8b465ee728b) (PreviewImporter) -> (artifact id: '4462899b714965228124c636cb749eb6') in 0.0167385 seconds
Number of updated asset objects reloaded before import = 0Number of asset objects unloaded after import = 3

========================================================================
Received Import Request.
  Time since last request: 9.149565 seconds.
  path: Assets/Cainos/Pixel Art Icon Pack - RPG/Texture/Ore & Gem
  artifactKey: Guid(9f60e406bab1ad8488259f15939a455c) Importer(815301076,1909f56bfc062723c751e8b465ee728b)
Start importing Assets/Cainos/Pixel Art Icon Pack - RPG/Texture/Ore & Gem using Guid(9f60e406bab1ad8488259f15939a455c) Importer(815301076,1909f56bfc062723c751e8b465ee728b) (PreviewImporter) -> (artifact id: 'b5f59a113a886fd72f7f3ee0d51cb1e2') in 0.0033294 seconds
Number of updated asset objects reloaded before import = 0Number of asset objects unloaded after import = 0

========================================================================
Received Import Request.
  Time since last request: 0.014848 seconds.
  path: Assets/Cainos/Pixel Art Icon Pack - RPG/Texture/Ore & Gem/Crystal.png
  artifactKey: Guid(8f6d58fd471ba8a45a4b681953e29c26) Importer(815301076,1909f56bfc062723c751e8b465ee728b)
Start importing Assets/Cainos/Pixel Art Icon Pack - RPG/Texture/Ore & Gem/Crystal.png using Guid(8f6d58fd471ba8a45a4b681953e29c26) Importer(815301076,1909f56bfc062723c751e8b465ee728b) (PreviewImporter) -> (artifact id: 'db09f15e40bfdc390ab6c8d1cdeab471') in 0.0376264 seconds
Number of updated asset objects reloaded before import = 0Number of asset objects unloaded after import = 3

========================================================================
Received Import Request.
  Time since last request: 0.000033 seconds.
  path: Assets/Cainos/Pixel Art Icon Pack - RPG/Texture/Ore & Gem/Ruby.png
  artifactKey: Guid(67d92be28ed43314bbaf848a1d873f6c) Importer(815301076,1909f56bfc062723c751e8b465ee728b)
Start importing Assets/Cainos/Pixel Art Icon Pack - RPG/Texture/Ore & Gem/Ruby.png using Guid(67d92be28ed43314bbaf848a1d873f6c) Importer(815301076,1909f56bfc062723c751e8b465ee728b) (PreviewImporter) -> (artifact id: 'abda6cb29a9f3ad8a7c9d3a4b1a684c6') in 0.0284745 seconds
Number of updated asset objects reloaded before import = 0Number of asset objects unloaded after import = 3

========================================================================
Received Import Request.
  Time since last request: 0.000033 seconds.
  path: Assets/Cainos/Pixel Art Icon Pack - RPG/Texture/Ore & Gem/Golden Ingot.png
  artifactKey: Guid(39d66829824cb1d4da958035ee18213a) Importer(815301076,1909f56bfc062723c751e8b465ee728b)
Start importing Assets/Cainos/Pixel Art Icon Pack - RPG/Texture/Ore & Gem/Golden Ingot.png using Guid(39d66829824cb1d4da958035ee18213a) Importer(815301076,1909f56bfc062723c751e8b465ee728b) (PreviewImporter) -> (artifact id: '8949dfdcee353118a74d9f2ee0a759a9') in 0.0170701 seconds
Number of updated asset objects reloaded before import = 0Number of asset objects unloaded after import = 3

========================================================================
Received Import Request.
  Time since last request: 3.151424 seconds.
  path: Assets/Cainos/Pixel Art Icon Pack - RPG/Texture/Monster Part
  artifactKey: Guid(6440e8a38b985cc4990db0da6d690926) Importer(815301076,1909f56bfc062723c751e8b465ee728b)
Start importing Assets/Cainos/Pixel Art Icon Pack - RPG/Texture/Monster Part using Guid(6440e8a38b985cc4990db0da6d690926) Importer(815301076,1909f56bfc062723c751e8b465ee728b) (PreviewImporter) -> (artifact id: 'a64cb699f21445801499d9eb2210ac89') in 0.0009527 seconds
Number of updated asset objects reloaded before import = 0Number of asset objects unloaded after import = 0

========================================================================
Received Import Request.
  Time since last request: 0.029805 seconds.
  path: Assets/Cainos/Pixel Art Icon Pack - RPG/Texture/Monster Part/Monster Egg.png
  artifactKey: Guid(d62fc87d7e2c1d740b3afc4193abf641) Importer(815301076,1909f56bfc062723c751e8b465ee728b)
Start importing Assets/Cainos/Pixel Art Icon Pack - RPG/Texture/Monster Part/Monster Egg.png using Guid(d62fc87d7e2c1d740b3afc4193abf641) Importer(815301076,1909f56bfc062723c751e8b465ee728b) (PreviewImporter) -> (artifact id: '9053d112b3c942adabc2217d56ba971f') in 0.0269184 seconds
Number of updated asset objects reloaded before import = 0Number of asset objects unloaded after import = 3

Editor requested this worker to shutdown with reason: Scaling down because of idle timeout
AssetImportWorker is now disconnected from the server
Process exiting
Exiting without the bug reporter. Application will terminate with return code 0