Using pre-set license
Built from '6000.0/staging' branch; Version is '6000.0.50f1 (f1ef1dca8bff) revision 15855389'; Using compiler version '193933523'; Build Type 'Release'
OS: 'Windows 11  (10.0.26100) 64bit Professional' Language: 'ru' Physical Memory: 16008 MB
BatchMode: 1, IsHumanControllingUs: 0, StartBugReporterOnCrash: 0, Is64bit: 1
Date: 2025-06-13T17:54:27Z

COMMAND LINE ARGUMENTS:
C:\Program Files\Unity\Hub\Editor\6000.0.50f1\Editor\Unity.exe
-adb2
-batchMode
-noUpm
-name
AssetImportWorker8
-projectPath
D:/Projects/TreasureRunnersGame/TreasureRunnersGame
-logFile
Logs/AssetImportWorker8.log
-srvPort
52395
-job-worker-count
9
-background-job-worker-count
8
-gc-helper-count
1
Successfully changed project path to: D:/Projects/TreasureRunnersGame/TreasureRunnersGame
D:/Projects/TreasureRunnersGame/TreasureRunnersGame
[UnityMemory] Configuration Parameters - Can be set up in boot.config
    "memorysetup-bucket-allocator-granularity=16"
    "memorysetup-bucket-allocator-bucket-count=8"
    "memorysetup-bucket-allocator-block-size=33554432"
    "memorysetup-bucket-allocator-block-count=8"
    "memorysetup-main-allocator-block-size=16777216"
    "memorysetup-thread-allocator-block-size=16777216"
    "memorysetup-gfx-main-allocator-block-size=16777216"
    "memorysetup-gfx-thread-allocator-block-size=16777216"
    "memorysetup-cache-allocator-block-size=4194304"
    "memorysetup-typetree-allocator-block-size=2097152"
    "memorysetup-profiler-bucket-allocator-granularity=16"
    "memorysetup-profiler-bucket-allocator-bucket-count=8"
    "memorysetup-profiler-bucket-allocator-block-size=33554432"
    "memorysetup-profiler-bucket-allocator-block-count=8"
    "memorysetup-profiler-allocator-block-size=16777216"
    "memorysetup-profiler-editor-allocator-block-size=1048576"
    "memorysetup-temp-allocator-size-main=16777216"
    "memorysetup-job-temp-allocator-block-size=2097152"
    "memorysetup-job-temp-allocator-block-size-background=1048576"
    "memorysetup-job-temp-allocator-reduction-small-platforms=262144"
    "memorysetup-allocator-temp-initial-block-size-main=262144"
    "memorysetup-allocator-temp-initial-block-size-worker=262144"
    "memorysetup-temp-allocator-size-background-worker=32768"
    "memorysetup-temp-allocator-size-job-worker=262144"
    "memorysetup-temp-allocator-size-preload-manager=33554432"
    "memorysetup-temp-allocator-size-nav-mesh-worker=65536"
    "memorysetup-temp-allocator-size-audio-worker=65536"
    "memorysetup-temp-allocator-size-cloud-worker=32768"
    "memorysetup-temp-allocator-size-gi-baking-worker=262144"
    "memorysetup-temp-allocator-size-gi-baking-worker=262144"
    "memorysetup-temp-allocator-size-gi-baking-worker=262144"
    "memorysetup-temp-allocator-size-gi-baking-worker=262144"
    "memorysetup-temp-allocator-size-gi-baking-worker=262144"
    "memorysetup-temp-allocator-size-gfx=262144"
Player connection [34568]  Target information:

Player connection [34568]  * "[IP] 192.168.0.102 [Port] 0 [Flags] 2 [Guid] 1605552564 [EditorId] 1605552564 [Version] 1048832 [Id] WindowsEditor(7,DESKTOP-OTVJUO6) [Debug] 1 [PackageName] WindowsEditor [ProjectName] Editor" 

Player connection [34568] Host joined multi-casting on [225.0.0.222:54997]...
Player connection [34568] Host joined alternative multi-casting on [225.0.0.222:34997]...
JobSystem: Creating JobQueue using job-worker-count value 9
Input System module state changed to: Initialized.
[Physics::Module] Initialized fallback backend.
[Physics::Module] Id: 0xdecafbad
Library Redirect Path: Library/
[Physics::Module] Selected backend.
[Physics::Module] Name: PhysX
[Physics::Module] Id: 0xf2b8ea05
[Physics::Module] SDK Version: 4.1.2
[Physics::Module] Integration Version: 1.0.0
[Physics::Module] Threading Mode: Multi-Threaded
Refreshing native plugins compatible for Editor in 7.83 ms, found 4 plugins.
Preloading 0 native plugins for Editor in 0.00 ms.
Initialize engine version: 6000.0.50f1 (f1ef1dca8bff)
[Subsystems] Discovering subsystems at path C:/Program Files/Unity/Hub/Editor/6000.0.50f1/Editor/Data/Resources/UnitySubsystems
[Subsystems] Discovering subsystems at path D:/Projects/TreasureRunnersGame/TreasureRunnersGame/Assets
GfxDevice: creating device client; kGfxThreadingModeNonThreaded
Direct3D:
    Version:  Direct3D 11.0 [level 11.1]
    Renderer: Intel(R) UHD Graphics (ID=0xa720)
    Vendor:   Intel
    VRAM:     8004 MB
    Driver:   32.0.101.5768
Initialize mono
Mono path[0] = 'C:/Program Files/Unity/Hub/Editor/6000.0.50f1/Editor/Data/Managed'
Mono path[1] = 'C:/Program Files/Unity/Hub/Editor/6000.0.50f1/Editor/Data/MonoBleedingEdge/lib/mono/unityjit-win32'
Mono config path = 'C:/Program Files/Unity/Hub/Editor/6000.0.50f1/Editor/Data/MonoBleedingEdge/etc'
Using monoOptions --debugger-agent=transport=dt_socket,embedding=1,server=y,suspend=n,address=127.0.0.1:56816
Begin MonoManager ReloadAssembly
Registering precompiled unity dll's ...
Register platform support module: C:/Program Files/Unity/Hub/Editor/6000.0.50f1/Editor/Data/PlaybackEngines/WebGLSupport/UnityEditor.WebGL.Extensions.dll
Register platform support module: C:/Program Files/Unity/Hub/Editor/6000.0.50f1/Editor/Data/PlaybackEngines/WindowsStandaloneSupport/UnityEditor.WindowsStandalone.Extensions.dll
Registered in 0.005145 seconds.
- Loaded All Assemblies, in  0.489 seconds
Native extension for WindowsStandalone target not found
Native extension for WebGL target not found
Mono: successfully reloaded assembly
- Finished resetting the current domain, in  0.436 seconds
Domain Reload Profiling: 924ms
	BeginReloadAssembly (162ms)
		ExecutionOrderSort (0ms)
		DisableScriptedObjects (0ms)
		BackupInstance (0ms)
		ReleaseScriptingObjects (0ms)
		CreateAndSetChildDomain (1ms)
	RebuildCommonClasses (57ms)
	RebuildNativeTypeToScriptingClass (14ms)
	initialDomainReloadingComplete (56ms)
	LoadAllAssembliesAndSetupDomain (198ms)
		LoadAssemblies (159ms)
		RebuildTransferFunctionScriptingTraits (0ms)
		AnalyzeDomain (194ms)
			TypeCache.Refresh (193ms)
				TypeCache.ScanAssembly (175ms)
			BuildScriptInfoCaches (0ms)
			ResolveRequiredComponents (0ms)
	FinalizeReload (437ms)
		ReleaseScriptCaches (0ms)
		RebuildScriptCaches (0ms)
		SetupLoadedEditorAssemblies (374ms)
			LogAssemblyErrors (0ms)
			InitializePlatformSupportModulesInManaged (30ms)
			SetLoadedEditorAssemblies (8ms)
			BeforeProcessingInitializeOnLoad (70ms)
			ProcessInitializeOnLoadAttributes (196ms)
			ProcessInitializeOnLoadMethodAttributes (68ms)
			AfterProcessingInitializeOnLoad (0ms)
			EditorAssembliesLoaded (0ms)
		ExecutionOrderSort2 (0ms)
		AwakeInstancesAfterBackupRestoration (0ms)
========================================================================
Worker process is ready to serve import requests
Import Worker Mode flag is 0x00
Begin MonoManager ReloadAssembly
- Loaded All Assemblies, in  1.245 seconds
Refreshing native plugins compatible for Editor in 1.13 ms, found 4 plugins.
Native extension for WindowsStandalone target not found
Native extension for WebGL target not found
Mono: successfully reloaded assembly
- Finished resetting the current domain, in  0.885 seconds
Domain Reload Profiling: 2127ms
	BeginReloadAssembly (285ms)
		ExecutionOrderSort (0ms)
		DisableScriptedObjects (14ms)
		BackupInstance (0ms)
		ReleaseScriptingObjects (0ms)
		CreateAndSetChildDomain (56ms)
	RebuildCommonClasses (49ms)
	RebuildNativeTypeToScriptingClass (12ms)
	initialDomainReloadingComplete (48ms)
	LoadAllAssembliesAndSetupDomain (849ms)
		LoadAssemblies (602ms)
		RebuildTransferFunctionScriptingTraits (0ms)
		AnalyzeDomain (396ms)
			TypeCache.Refresh (304ms)
				TypeCache.ScanAssembly (272ms)
			BuildScriptInfoCaches (78ms)
			ResolveRequiredComponents (11ms)
	FinalizeReload (885ms)
		ReleaseScriptCaches (0ms)
		RebuildScriptCaches (0ms)
		SetupLoadedEditorAssemblies (723ms)
			LogAssemblyErrors (0ms)
			InitializePlatformSupportModulesInManaged (4ms)
			SetLoadedEditorAssemblies (4ms)
			BeforeProcessingInitializeOnLoad (134ms)
			ProcessInitializeOnLoadAttributes (422ms)
			ProcessInitializeOnLoadMethodAttributes (154ms)
			AfterProcessingInitializeOnLoad (4ms)
			EditorAssembliesLoaded (1ms)
		ExecutionOrderSort2 (0ms)
		AwakeInstancesAfterBackupRestoration (10ms)
Launched and connected shader compiler UnityShaderCompiler.exe after 0.01 seconds
Refreshing native plugins compatible for Editor in 1.28 ms, found 4 plugins.
Preloading 0 native plugins for Editor in 0.00 ms.
Unloading 229 Unused Serialized files (Serialized files now loaded: 0)
Unloading 6628 unused Assets / (5.9 MB). Loaded Objects now: 7306.
Memory consumption went from 184.4 MB to 178.5 MB.
Total: 10.835900 ms (FindLiveObjects: 0.634700 ms CreateObjectMapping: 0.373800 ms MarkObjects: 5.997200 ms  DeleteObjects: 3.828700 ms)

========================================================================
Received Prepare
Begin MonoManager ReloadAssembly
- Loaded All Assemblies, in  1.611 seconds
Refreshing native plugins compatible for Editor in 8.03 ms, found 4 plugins.
Native extension for WindowsStandalone target not found
Native extension for WebGL target not found
Mono: successfully reloaded assembly
- Finished resetting the current domain, in  6.061 seconds
Domain Reload Profiling: 7686ms
	BeginReloadAssembly (480ms)
		ExecutionOrderSort (0ms)
		DisableScriptedObjects (21ms)
		BackupInstance (0ms)
		ReleaseScriptingObjects (1ms)
		CreateAndSetChildDomain (142ms)
	RebuildCommonClasses (60ms)
	RebuildNativeTypeToScriptingClass (16ms)
	initialDomainReloadingComplete (70ms)
	LoadAllAssembliesAndSetupDomain (995ms)
		LoadAssemblies (829ms)
		RebuildTransferFunctionScriptingTraits (0ms)
		AnalyzeDomain (377ms)
			TypeCache.Refresh (27ms)
				TypeCache.ScanAssembly (0ms)
			BuildScriptInfoCaches (312ms)
			ResolveRequiredComponents (28ms)
	FinalizeReload (6065ms)
		ReleaseScriptCaches (0ms)
		RebuildScriptCaches (0ms)
		SetupLoadedEditorAssemblies (4401ms)
			LogAssemblyErrors (0ms)
			InitializePlatformSupportModulesInManaged (35ms)
			SetLoadedEditorAssemblies (25ms)
			BeforeProcessingInitializeOnLoad (919ms)
			ProcessInitializeOnLoadAttributes (2822ms)
			ProcessInitializeOnLoadMethodAttributes (582ms)
			AfterProcessingInitializeOnLoad (15ms)
			EditorAssembliesLoaded (3ms)
		ExecutionOrderSort2 (0ms)
		AwakeInstancesAfterBackupRestoration (148ms)
Refreshing native plugins compatible for Editor in 12.02 ms, found 4 plugins.
Preloading 0 native plugins for Editor in 0.00 ms.
Unloading 36 Unused Serialized files (Serialized files now loaded: 0)
Unloading 6626 unused Assets / (6.9 MB). Loaded Objects now: 7309.
Memory consumption went from 155.3 MB to 148.4 MB.
Total: 123.587100 ms (FindLiveObjects: 15.610700 ms CreateObjectMapping: 8.471600 ms MarkObjects: 64.662700 ms  DeleteObjects: 34.826700 ms)

Prepare: number of updated asset objects reloaded= 0
========================================================================
Received Import Request.
  Time since last request: 22705.444078 seconds.
  path: Assets/pixilart-sprite - Kopi.png
  artifactKey: Guid(9527f1d6f372f7e44a010b8429c38446) Importer(815301076,1909f56bfc062723c751e8b465ee728b)
Start importing Assets/pixilart-sprite - Kopi.png using Guid(9527f1d6f372f7e44a010b8429c38446) Importer(815301076,1909f56bfc062723c751e8b465ee728b) (PreviewImporter) -> (artifact id: '0aa867b4af0cb9606a5aafa4dea22afa') in 0.6518561 seconds
Number of updated asset objects reloaded before import = 0Number of asset objects unloaded after import = 7

========================================================================
Received Import Request.
  Time since last request: 289.687653 seconds.
  path: Assets/pixilart-sprite - Kopi.png
  artifactKey: Guid(9527f1d6f372f7e44a010b8429c38446) Importer(815301076,1909f56bfc062723c751e8b465ee728b)
Start importing Assets/pixilart-sprite - Kopi.png using Guid(9527f1d6f372f7e44a010b8429c38446) Importer(815301076,1909f56bfc062723c751e8b465ee728b) (PreviewImporter) -> (artifact id: '71a4414c818c0f113ef7b06d503b5011') in 0.051343 seconds
Number of updated asset objects reloaded before import = 0Number of asset objects unloaded after import = 7

========================================================================
Received Import Request.
  Time since last request: 95.249693 seconds.
  path: Assets/pixilart-sprite - Kopi.png
  artifactKey: Guid(9527f1d6f372f7e44a010b8429c38446) Importer(815301076,1909f56bfc062723c751e8b465ee728b)
Start importing Assets/pixilart-sprite - Kopi.png using Guid(9527f1d6f372f7e44a010b8429c38446) Importer(815301076,1909f56bfc062723c751e8b465ee728b) (PreviewImporter) -> (artifact id: '6c858fd316b22859531a05dcd12b45b0') in 0.0510087 seconds
Number of updated asset objects reloaded before import = 0Number of asset objects unloaded after import = 7

========================================================================
Received Import Request.
  Time since last request: 488.158029 seconds.
  path: Assets/pixilart-sprite - Kopi 1.png
  artifactKey: Guid(5928563f5243fa34aa82da8ab7ca8c7e) Importer(815301076,1909f56bfc062723c751e8b465ee728b)
Start importing Assets/pixilart-sprite - Kopi 1.png using Guid(5928563f5243fa34aa82da8ab7ca8c7e) Importer(815301076,1909f56bfc062723c751e8b465ee728b) (PreviewImporter) -> (artifact id: 'e6cdf5c26374ba1d746cd317ec58a492') in 0.0851182 seconds
Number of updated asset objects reloaded before import = 0Number of asset objects unloaded after import = 7

========================================================================
Received Import Request.
  Time since last request: 35.415303 seconds.
  path: Assets/2daea9f37ca2c48.png
  artifactKey: Guid(dc697a19e3348334eb1c20566e0009d3) Importer(815301076,1909f56bfc062723c751e8b465ee728b)
Start importing Assets/2daea9f37ca2c48.png using Guid(dc697a19e3348334eb1c20566e0009d3) Importer(815301076,1909f56bfc062723c751e8b465ee728b) (PreviewImporter) -> (artifact id: 'a04edeb4ac7e7de6c4d0b2156e30cabd') in 0.0151807 seconds
Number of updated asset objects reloaded before import = 0Number of asset objects unloaded after import = 3

========================================================================
Received Import Request.
  Time since last request: 23.733173 seconds.
  path: Assets/2daea9f37ca2c48.png
  artifactKey: Guid(dc697a19e3348334eb1c20566e0009d3) Importer(815301076,1909f56bfc062723c751e8b465ee728b)
Start importing Assets/2daea9f37ca2c48.png using Guid(dc697a19e3348334eb1c20566e0009d3) Importer(815301076,1909f56bfc062723c751e8b465ee728b) (PreviewImporter) -> (artifact id: '2e5f5ed88e0faac958b4ccef63bbb6a8') in 0.0312317 seconds
Number of updated asset objects reloaded before import = 0Number of asset objects unloaded after import = 3

========================================================================
Received Import Request.
  Time since last request: 12.214323 seconds.
  path: Assets/2daea9f37ca2c48.png
  artifactKey: Guid(dc697a19e3348334eb1c20566e0009d3) Importer(815301076,1909f56bfc062723c751e8b465ee728b)
Start importing Assets/2daea9f37ca2c48.png using Guid(dc697a19e3348334eb1c20566e0009d3) Importer(815301076,1909f56bfc062723c751e8b465ee728b) (PreviewImporter) -> (artifact id: 'e43c4a6cbfe9eafb35a4aeb671cbf287') in 0.0256883 seconds
Number of updated asset objects reloaded before import = 0Number of asset objects unloaded after import = 3

========================================================================
Received Import Request.
  Time since last request: 8.402335 seconds.
  path: Assets/2daea9f37ca2c48.png
  artifactKey: Guid(dc697a19e3348334eb1c20566e0009d3) Importer(815301076,1909f56bfc062723c751e8b465ee728b)
Start importing Assets/2daea9f37ca2c48.png using Guid(dc697a19e3348334eb1c20566e0009d3) Importer(815301076,1909f56bfc062723c751e8b465ee728b) (PreviewImporter) -> (artifact id: '46ed82f58a10c617c85a77d9175e50d6') in 0.0245139 seconds
Number of updated asset objects reloaded before import = 0Number of asset objects unloaded after import = 3

========================================================================
Received Import Request.
  Time since last request: 27.413131 seconds.
  path: Assets/2daea9f37ca2c48.png
  artifactKey: Guid(dc697a19e3348334eb1c20566e0009d3) Importer(815301076,1909f56bfc062723c751e8b465ee728b)
Start importing Assets/2daea9f37ca2c48.png using Guid(dc697a19e3348334eb1c20566e0009d3) Importer(815301076,1909f56bfc062723c751e8b465ee728b) (PreviewImporter) -> (artifact id: 'e8660db084e01acd0c3a054f42b42cbf') in 0.0257869 seconds
Number of updated asset objects reloaded before import = 0Number of asset objects unloaded after import = 3

========================================================================
Received Import Request.
  Time since last request: 2117.872723 seconds.
  path: Assets/Green Portal Sprite Sheet.png
  artifactKey: Guid(8dc697fdc851aa44c85d3dd4c968425a) Importer(815301076,1909f56bfc062723c751e8b465ee728b)
Start importing Assets/Green Portal Sprite Sheet.png using Guid(8dc697fdc851aa44c85d3dd4c968425a) Importer(815301076,1909f56bfc062723c751e8b465ee728b) (PreviewImporter) -> (artifact id: 'd0e9842ed35c0aa7170878c65a54f67e') in 0.2634508 seconds
Number of updated asset objects reloaded before import = 0Number of asset objects unloaded after import = 19

========================================================================
Received Import Request.
  Time since last request: 40.670093 seconds.
  path: Assets/Green Portal Sprite Sheet.png
  artifactKey: Guid(8dc697fdc851aa44c85d3dd4c968425a) Importer(815301076,1909f56bfc062723c751e8b465ee728b)
Start importing Assets/Green Portal Sprite Sheet.png using Guid(8dc697fdc851aa44c85d3dd4c968425a) Importer(815301076,1909f56bfc062723c751e8b465ee728b) (PreviewImporter) -> (artifact id: '0e9bae50a5ed51c68e150d51b34ed369') in 0.261635 seconds
Number of updated asset objects reloaded before import = 0Number of asset objects unloaded after import = 19

========================================================================
Received Import Request.
  Time since last request: 191.098487 seconds.
  path: Assets/Green Portal Sprite Sheet.png
  artifactKey: Guid(8dc697fdc851aa44c85d3dd4c968425a) Importer(815301076,1909f56bfc062723c751e8b465ee728b)
Start importing Assets/Green Portal Sprite Sheet.png using Guid(8dc697fdc851aa44c85d3dd4c968425a) Importer(815301076,1909f56bfc062723c751e8b465ee728b) (PreviewImporter) -> (artifact id: '8af9b1306c530c38be8ee3962fba2a11') in 0.2656941 seconds
Number of updated asset objects reloaded before import = 0Number of asset objects unloaded after import = 19

========================================================================
Received Import Request.
  Time since last request: 28.438448 seconds.
  path: Assets/Green Portal Sprite Sheet.png
  artifactKey: Guid(8dc697fdc851aa44c85d3dd4c968425a) Importer(815301076,1909f56bfc062723c751e8b465ee728b)
Start importing Assets/Green Portal Sprite Sheet.png using Guid(8dc697fdc851aa44c85d3dd4c968425a) Importer(815301076,1909f56bfc062723c751e8b465ee728b) (PreviewImporter) -> (artifact id: '2bb0da0c206ae874ff3a9becb6d0c250') in 0.2212946 seconds
Number of updated asset objects reloaded before import = 0Number of asset objects unloaded after import = 19

========================================================================
Received Import Request.
  Time since last request: 23.105500 seconds.
  path: Assets/Green Portal Sprite Sheet.png
  artifactKey: Guid(8dc697fdc851aa44c85d3dd4c968425a) Importer(815301076,1909f56bfc062723c751e8b465ee728b)
Start importing Assets/Green Portal Sprite Sheet.png using Guid(8dc697fdc851aa44c85d3dd4c968425a) Importer(815301076,1909f56bfc062723c751e8b465ee728b) (PreviewImporter) -> (artifact id: 'b1cfae20ca02ef253858ff13136e6628') in 0.2279744 seconds
Number of updated asset objects reloaded before import = 0Number of asset objects unloaded after import = 19

========================================================================
Received Import Request.
  Time since last request: 21.667629 seconds.
  path: Assets/Green Portal Sprite Sheet.png
  artifactKey: Guid(8dc697fdc851aa44c85d3dd4c968425a) Importer(815301076,1909f56bfc062723c751e8b465ee728b)
Start importing Assets/Green Portal Sprite Sheet.png using Guid(8dc697fdc851aa44c85d3dd4c968425a) Importer(815301076,1909f56bfc062723c751e8b465ee728b) (PreviewImporter) -> (artifact id: '2c296ab5f7e709351c9f1fb4719dac75') in 0.2100421 seconds
Number of updated asset objects reloaded before import = 0Number of asset objects unloaded after import = 19

========================================================================
Received Import Request.
  Time since last request: 59.443124 seconds.
  path: Assets/Green Portal Sprite Sheet.png
  artifactKey: Guid(8dc697fdc851aa44c85d3dd4c968425a) Importer(815301076,1909f56bfc062723c751e8b465ee728b)
Start importing Assets/Green Portal Sprite Sheet.png using Guid(8dc697fdc851aa44c85d3dd4c968425a) Importer(815301076,1909f56bfc062723c751e8b465ee728b) (PreviewImporter) -> (artifact id: '3dc33a04cbea6668bf3d7bcfbebf20b4') in 0.2040404 seconds
Number of updated asset objects reloaded before import = 0Number of asset objects unloaded after import = 19

